<?xml version="1.0" encoding="UTF-8"?>
<!-- Generated by org.testng.reporters.JUnitReportReporter -->
<testsuite skipped="0" hostname="DRN" name="testng.org.TestCase1" tests="1" failures="0" timestamp="21 Feb 2018 18:27:31 GMT" time="0.001" errors="0">
  <testcase name="loginTest" time="0.001" classname="testng.org.TestCase1"/>
</testsuite> <!-- testng.org.TestCase1 -->
