<?xml version="1.0" encoding="UTF-8"?>
<!-- Generated by org.testng.reporters.JUnitReportReporter -->
<testsuite skipped="0" hostname="DRN" name="HelloTesters" tests="1" failures="0" timestamp="09 Feb 2018 09:29:06 GMT" time="0.008" errors="0">
  <testcase name="test1" time="0.008" classname="HelloTesters"/>
</testsuite> <!-- HelloTesters -->
