<?xml version="1.0" encoding="UTF-8"?>
<!-- Generated by org.testng.reporters.JUnitReportReporter -->
<testsuite skipped="0" hostname="DRN" name="listeners.NewTest" tests="1" failures="0" timestamp="21 Feb 2018 18:27:31 GMT" time="0.001" errors="0">
  <testcase name="f" time="0.001" classname="listeners.NewTest"/>
</testsuite> <!-- listeners.NewTest -->
