<?xml version="1.0" encoding="UTF-8"?>
<!-- Generated by org.testng.reporters.JUnitReportReporter -->
<testsuite skipped="0" hostname="DRN" name="command.org.HelloTesters" tests="1" failures="0" timestamp="21 Feb 2018 18:27:31 GMT" time="0.000" errors="0">
  <testcase name="test1" time="0.000" classname="command.org.HelloTesters"/>
</testsuite> <!-- command.org.HelloTesters -->
